<?xml version="1.0" encoding="UTF-8"?>
<!-- Generated by org.testng.reporters.JUnitXMLReporter -->
<testsuite hostname="Sanjus-MacBook-Air.local" ignored="0" name="Default test" tests="8" failures="0" timestamp="2020-10-20T20:17:57 IST" time="18.388" errors="0">
  <testcase name="test1headingsPresent" time="0.047" classname="com.ict.springboot.selenium.ReservationPage"/>
  <testcase name="test2linksOnHomepage" time="0.025" classname="com.ict.springboot.selenium.ReservationPage"/>
  <testcase name="test3reservationPageHeading" time="0.34" classname="com.ict.springboot.selenium.ReservationPage"/>
  <testcase name="test4reservationPageFieldsType" time="0.383" classname="com.ict.springboot.selenium.ReservationPage"/>
  <testcase name="test5fillReservationForm" time="0.957" classname="com.ict.springboot.selenium.ReservationPage"/>
  <testcase name="test6ConfirmationForm" time="1.1" classname="com.ict.springboot.selenium.ReservationPage"/>
  <testcase name="test7reservationFormEmptyFormSubmit" time="0.27" classname="com.ict.springboot.selenium.ReservationPage"/>
  <testcase name="test8reservationFormErrorpage" time="1.097" classname="com.ict.springboot.selenium.ReservationPage"/>
</testsuite> <!-- Default test -->
